\BOOKMARK [0][-]{chapter.1}{THE\040BASIC\040CONCEPTS\040OF\040QUANTUM\040MECHANICS}{}% 1
\BOOKMARK [1][-]{section.1.1}{The\040uncertainty\040principle}{chapter.1}% 2
\BOOKMARK [1][-]{section.1.2}{The\040principle\040of\040superposition}{chapter.1}% 3
\BOOKMARK [1][-]{section.1.3}{Operators}{chapter.1}% 4
\BOOKMARK [1][-]{section.1.4}{Addition\040and\040multiplication\040of\040operators}{chapter.1}% 5
\BOOKMARK [1][-]{section.1.5}{The\040continuous\040spectrum}{chapter.1}% 6
\BOOKMARK [1][-]{section.1.6}{The\040passage\040to\040the\040limiting\040case\040of\040classical\040mechanics}{chapter.1}% 7
\BOOKMARK [1][-]{section.1.7}{The\040wave\040function\040and\040measurements}{chapter.1}% 8
\BOOKMARK [0][-]{chapter.2}{ENERGY\040AND\040MOMENTUM}{}% 9
\BOOKMARK [1][-]{section.2.8}{The\040Hamiltonian\040operator}{chapter.2}% 10
\BOOKMARK [1][-]{section.2.9}{The\040differentiation\040of\040operators\040with\040respect\040to\040time}{chapter.2}% 11
\BOOKMARK [1][-]{section.2.10}{Stationary\040states}{chapter.2}% 12
\BOOKMARK [1][-]{section.2.11}{Matrices}{chapter.2}% 13
\BOOKMARK [1][-]{section.2.12}{Transformation\040of\040matrices}{chapter.2}% 14
\BOOKMARK [1][-]{section.2.13}{The\040Heisenberg\040representation\040of\040operators\040}{chapter.2}% 15
\BOOKMARK [1][-]{section.2.14}{The\040density\040matrix}{chapter.2}% 16
\BOOKMARK [1][-]{section.2.15}{Momentum}{chapter.2}% 17
\BOOKMARK [1][-]{section.2.16}{Uncertainty\040relations}{chapter.2}% 18
\BOOKMARK [0][-]{chapter.3}{SCHRÖDINGER'S EQUATION}{}% 19
\BOOKMARK [1][-]{section.3.17}{Schrödinger's equation}{chapter.3}% 20
\BOOKMARK [1][-]{section.3.18}{The fundamental properties of Schrödinger's equation}{chapter.3}% 21
\BOOKMARK [1][-]{section.3.19}{The\040current\040density}{chapter.3}% 22
\BOOKMARK [1][-]{section.3.20}{The\040variational\040principle}{chapter.3}% 23
\BOOKMARK [1][-]{section.3.21}{General\040properties\040of\040motion\040in\040one\040dimension}{chapter.3}% 24
\BOOKMARK [1][-]{section.3.22}{The\040potential\040well}{chapter.3}% 25
\BOOKMARK [1][-]{section.3.23}{The\040linear\040oscillator}{chapter.3}% 26
\BOOKMARK [1][-]{section.3.24}{Motion\040in\040a\040homogeneous\040field}{chapter.3}% 27
\BOOKMARK [1][-]{section.3.25}{The\040transmission\040coefficient}{chapter.3}% 28
