This is XeTeX, Version 3.14159265-2.6-0.999992 (TeX Live 2020/W32TeX) (preloaded format=xelatex 2020.4.15)  21 JAN 2022 15:02
entering extended mode
 restricted \write18 enabled.
 %&-line parsing enabled.
**main.tex
(./main.tex
LaTeX2e <2020-02-02> patch level 5
L3 programming layer <2020-03-06> (./landaubook.cls
Document Class: landaubook 
(c:/texlive/2020/texmf-dist/tex/latex/base/book.cls
Document Class: book 2019/12/20 v1.4l Standard LaTeX document class
(c:/texlive/2020/texmf-dist/tex/latex/base/bk12.clo
File: bk12.clo 2019/12/20 v1.4l Standard LaTeX file (size option)
)
\c@part=\count163
\c@chapter=\count164
\c@section=\count165
\c@subsection=\count166
\c@subsubsection=\count167
\c@paragraph=\count168
\c@subparagraph=\count169
\c@figure=\count170
\c@table=\count171
\abovecaptionskip=\skip47
\belowcaptionskip=\skip48
\bibindent=\dimen134
)
(c:/texlive/2020/texmf-dist/tex/latex/autofancyhdr/autofancyhdr.sty
Package: autofancyhdr 2019/01/18 v0.1 Extensive control of page headers and foo
ters with automatic calculate headheight

(c:/texlive/2020/texmf-dist/tex/latex/fancyhdr/fancyhdr.sty
Package: fancyhdr 2019/01/31 v3.10 Extensive control of page headers and footer
s
\f@nch@headwidth=\skip49
\f@nch@O@elh=\skip50
\f@nch@O@erh=\skip51
\f@nch@O@olh=\skip52
\f@nch@O@orh=\skip53
\f@nch@O@elf=\skip54
\f@nch@O@erf=\skip55
\f@nch@O@olf=\skip56
\f@nch@O@orf=\skip57
)
(c:/texlive/2020/texmf-dist/tex/xelatex/bidi/biditools.sty
Package: biditools 2020-01-29 v1.10 Programming tools for bidi package
\@bidi@envbody=\toks15
\@bidi@emptytoks=\toks16
\bidi@tempcountb=\count172
\bidi@temptoksa=\toks17
\bidi@temptoksb=\toks18
\bidi@dummies=\count173
\bidi@are@these@correct=\toks19
\bidi@toks@lista=\toks20
\bidi@toks@listb=\toks21
\bidi@stack@length=\count174
\bidi@empty@stack=\toks22
\bidi@looprepeat@depth=\count175
)
(./main.headfootlength))
(c:/texlive/2020/texmf-dist/tex/latex/graphics/graphicx.sty
Package: graphicx 2019/11/30 v1.2a Enhanced LaTeX Graphics (DPC,SPQR)

(c:/texlive/2020/texmf-dist/tex/latex/graphics/keyval.sty
Package: keyval 2014/10/28 v1.15 key=value parser (DPC)
\KV@toks@=\toks23
)
(c:/texlive/2020/texmf-dist/tex/latex/graphics/graphics.sty
Package: graphics 2019/11/30 v1.4a Standard LaTeX Graphics (DPC,SPQR)

(c:/texlive/2020/texmf-dist/tex/latex/graphics/trig.sty
Package: trig 2016/01/03 v1.10 sin cos tan (DPC)
)
(c:/texlive/2020/texmf-dist/tex/latex/graphics-cfg/graphics.cfg
File: graphics.cfg 2016/06/04 v1.11 sample graphics configuration
)
Package graphics Info: Driver file: xetex.def on input line 105.

(c:/texlive/2020/texmf-dist/tex/latex/graphics-def/xetex.def
File: xetex.def 2017/06/24 v5.0h Graphics/color driver for xetex
))
\Gin@req@height=\dimen135
\Gin@req@width=\dimen136
)
(c:/texlive/2020/texmf-dist/tex/latex/chngcntr/chngcntr.sty
Package: chngcntr 2018/04/09 v1.1a change counter resetting
Package chngcntr Info: \counterwithout already defined.
(chngcntr)             Quitting chngcntr on input line 21.
)
(c:/texlive/2020/texmf-dist/tex/latex/amsmath/amsmath.sty
Package: amsmath 2020/01/20 v2.17e AMS math features
\@mathmargin=\skip58

For additional information on amsmath, use the `?' option.
(c:/texlive/2020/texmf-dist/tex/latex/amsmath/amstext.sty
Package: amstext 2000/06/29 v2.01 AMS text

(c:/texlive/2020/texmf-dist/tex/latex/amsmath/amsgen.sty
File: amsgen.sty 1999/11/30 v2.0 generic functions
\@emptytoks=\toks24
\ex@=\dimen137
))
(c:/texlive/2020/texmf-dist/tex/latex/amsmath/amsbsy.sty
Package: amsbsy 1999/11/29 v1.2d Bold Symbols
\pmbraise@=\dimen138
)
(c:/texlive/2020/texmf-dist/tex/latex/amsmath/amsopn.sty
Package: amsopn 2016/03/08 v2.02 operator names
)
\inf@bad=\count176
LaTeX Info: Redefining \frac on input line 227.
\uproot@=\count177
\leftroot@=\count178
LaTeX Info: Redefining \overline on input line 389.
\classnum@=\count179
\DOTSCASE@=\count180
LaTeX Info: Redefining \ldots on input line 486.
LaTeX Info: Redefining \dots on input line 489.
LaTeX Info: Redefining \cdots on input line 610.
\Mathstrutbox@=\box45
\strutbox@=\box46
\big@size=\dimen139
LaTeX Font Info:    Redeclaring font encoding OML on input line 733.
LaTeX Font Info:    Redeclaring font encoding OMS on input line 734.
\macc@depth=\count181
\c@MaxMatrixCols=\count182
\dotsspace@=\muskip16
\c@parentequation=\count183
\dspbrk@lvl=\count184
\tag@help=\toks25
\row@=\count185
\column@=\count186
\maxfields@=\count187
\andhelp@=\toks26
\eqnshift@=\dimen140
\alignsep@=\dimen141
\tagshift@=\dimen142
\tagwidth@=\dimen143
\totwidth@=\dimen144
\lineht@=\dimen145
\@envbody=\toks27
\multlinegap=\skip59
\multlinetaggap=\skip60
\mathdisplay@stack=\toks28
LaTeX Info: Redefining \[ on input line 2859.
LaTeX Info: Redefining \] on input line 2860.
)
(c:/texlive/2020/texmf-dist/tex/latex/tools/bm.sty
Package: bm 2019/07/24 v1.2d Bold Symbol Support (DPC/FMi)
\symboldoperators=\mathgroup4
\symboldletters=\mathgroup5
\symboldsymbols=\mathgroup6
LaTeX Font Info:    Redeclaring math alphabet \mathbf on input line 141.
LaTeX Info: Redefining \bm on input line 209.
)
(c:/texlive/2020/texmf-dist/tex/latex/amsfonts/amssymb.sty
Package: amssymb 2013/01/14 v3.01 AMS font symbols

(c:/texlive/2020/texmf-dist/tex/latex/amsfonts/amsfonts.sty
Package: amsfonts 2013/01/14 v3.01 Basic AMSFonts support
\symAMSa=\mathgroup7
\symAMSb=\mathgroup8
LaTeX Font Info:    Redeclaring math symbol \hbar on input line 98.
LaTeX Font Info:    Overwriting math alphabet `\mathfrak' in version `bold'
(Font)                  U/euf/m/n --> U/euf/b/n on input line 106.
))
(c:/texlive/2020/texmf-dist/tex/latex/amscls/amsthm.sty
Package: amsthm 2017/10/31 v2.20.4
\thm@style=\toks29
\thm@bodyfont=\toks30
\thm@headfont=\toks31
\thm@notefont=\toks32
\thm@headpunct=\toks33
\thm@preskip=\skip61
\thm@postskip=\skip62
\thm@headsep=\skip63
\dth@everypar=\toks34
)
(c:/texlive/2020/texmf-dist/tex/latex/mathtools/mathtools.sty
Package: mathtools 2020/03/24 v1.24 mathematical typesetting tools

(c:/texlive/2020/texmf-dist/tex/latex/tools/calc.sty
Package: calc 2017/05/25 v4.3 Infix arithmetic (KKT,FJ)
\calc@Acount=\count188
\calc@Bcount=\count189
\calc@Adimen=\dimen146
\calc@Bdimen=\dimen147
\calc@Askip=\skip64
\calc@Bskip=\skip65
LaTeX Info: Redefining \setlength on input line 80.
LaTeX Info: Redefining \addtolength on input line 81.
\calc@Ccount=\count190
\calc@Cskip=\skip66
)
(c:/texlive/2020/texmf-dist/tex/latex/mathtools/mhsetup.sty
Package: mhsetup 2017/03/31 v1.3 programming setup (MH)
)
LaTeX Info: Thecontrolsequence`\('isalreadyrobust on input line 130.
LaTeX Info: Thecontrolsequence`\)'isalreadyrobust on input line 130.
LaTeX Info: Thecontrolsequence`\['isalreadyrobust on input line 130.
LaTeX Info: Thecontrolsequence`\]'isalreadyrobust on input line 130.
\g_MT_multlinerow_int=\count191
\l_MT_multwidth_dim=\dimen148
\origjot=\skip67
\l_MT_shortvdotswithinadjustabove_dim=\dimen149
\l_MT_shortvdotswithinadjustbelow_dim=\dimen150
\l_MT_above_intertext_sep=\dimen151
\l_MT_below_intertext_sep=\dimen152
\l_MT_above_shortintertext_sep=\dimen153
\l_MT_below_shortintertext_sep=\dimen154
\xmathstrut@box=\box47
\xmathstrut@dim=\dimen155
)
(c:/texlive/2020/texmf-dist/tex/latex/hyperref/hyperref.sty
Package: hyperref 2020/01/14 v7.00d Hypertext links for LaTeX

(c:/texlive/2020/texmf-dist/tex/generic/ltxcmds/ltxcmds.sty
Package: ltxcmds 2019/12/15 v1.24 LaTeX kernel commands for general use (HO)
)
(c:/texlive/2020/texmf-dist/tex/generic/iftex/iftex.sty
Package: iftex 2020/03/06 v1.0d TeX engine tests
)
(c:/texlive/2020/texmf-dist/tex/latex/pdftexcmds/pdftexcmds.sty
Package: pdftexcmds 2019/11/24 v0.31 Utility functions of pdfTeX for LuaTeX (HO
)

(c:/texlive/2020/texmf-dist/tex/generic/infwarerr/infwarerr.sty
Package: infwarerr 2019/12/03 v1.5 Providing info/warning/error messages (HO)
)
Package pdftexcmds Info: \pdf@primitive is available.
Package pdftexcmds Info: \pdf@ifprimitive is available.
Package pdftexcmds Info: \pdfdraftmode not found.
)
(c:/texlive/2020/texmf-dist/tex/generic/kvsetkeys/kvsetkeys.sty
Package: kvsetkeys 2019/12/15 v1.18 Key value parser (HO)
)
(c:/texlive/2020/texmf-dist/tex/generic/kvdefinekeys/kvdefinekeys.sty
Package: kvdefinekeys 2019-12-19 v1.6 Define keys (HO)
)
(c:/texlive/2020/texmf-dist/tex/generic/pdfescape/pdfescape.sty
Package: pdfescape 2019/12/09 v1.15 Implements pdfTeX's escape features (HO)
)
(c:/texlive/2020/texmf-dist/tex/latex/hycolor/hycolor.sty
Package: hycolor 2020-01-27 v1.10 Color options for hyperref/bookmark (HO)
)
(c:/texlive/2020/texmf-dist/tex/latex/letltxmacro/letltxmacro.sty
Package: letltxmacro 2019/12/03 v1.6 Let assignment for LaTeX macros (HO)
)
(c:/texlive/2020/texmf-dist/tex/latex/auxhook/auxhook.sty
Package: auxhook 2019-12-17 v1.6 Hooks for auxiliary files (HO)
)
(c:/texlive/2020/texmf-dist/tex/latex/kvoptions/kvoptions.sty
Package: kvoptions 2019/11/29 v3.13 Key value format for package options (HO)
)
\@linkdim=\dimen156
\Hy@linkcounter=\count192
\Hy@pagecounter=\count193

(c:/texlive/2020/texmf-dist/tex/latex/hyperref/pd1enc.def
File: pd1enc.def 2020/01/14 v7.00d Hyperref: PDFDocEncoding definition (HO)
)
(c:/texlive/2020/texmf-dist/tex/generic/intcalc/intcalc.sty
Package: intcalc 2019/12/15 v1.3 Expandable calculations with integers (HO)
)
(c:/texlive/2020/texmf-dist/tex/generic/etexcmds/etexcmds.sty
Package: etexcmds 2019/12/15 v1.7 Avoid name clashes with e-TeX commands (HO)
)
\Hy@SavedSpaceFactor=\count194
Package hyperref Info: Option `colorlinks' set `true' on input line 4421.
Package hyperref Info: Hyper figures OFF on input line 4547.
Package hyperref Info: Link nesting OFF on input line 4552.
Package hyperref Info: Hyper index ON on input line 4555.
Package hyperref Info: Plain pages OFF on input line 4562.
Package hyperref Info: Backreferencing OFF on input line 4567.
Package hyperref Info: Implicit mode ON; LaTeX internals redefined.
Package hyperref Info: Bookmarks ON on input line 4800.
\c@Hy@tempcnt=\count195

(c:/texlive/2020/texmf-dist/tex/latex/url/url.sty
\Urlmuskip=\muskip17
Package: url 2013/09/16  ver 3.4  Verb mode for urls, etc.
)
LaTeX Info: Redefining \url on input line 5159.
\XeTeXLinkMargin=\dimen157

(c:/texlive/2020/texmf-dist/tex/generic/bitset/bitset.sty
Package: bitset 2019/12/09 v1.3 Handle bit-vector datatype (HO)

(c:/texlive/2020/texmf-dist/tex/generic/bigintcalc/bigintcalc.sty
Package: bigintcalc 2019/12/15 v1.5 Expandable calculations on big integers (HO
)
))
\Fld@menulength=\count196
\Field@Width=\dimen158
\Fld@charsize=\dimen159
Package hyperref Info: Hyper figures OFF on input line 6430.
Package hyperref Info: Link nesting OFF on input line 6435.
Package hyperref Info: Hyper index ON on input line 6438.
Package hyperref Info: backreferencing OFF on input line 6445.
Package hyperref Info: Link coloring ON on input line 6448.
Package hyperref Info: Link coloring with OCG OFF on input line 6455.
Package hyperref Info: PDF/A mode OFF on input line 6460.
LaTeX Info: Redefining \ref on input line 6500.
LaTeX Info: Redefining \pageref on input line 6504.

(c:/texlive/2020/texmf-dist/tex/generic/atbegshi/atbegshi.sty
Package: atbegshi 2019/12/05 v1.19 At begin shipout hook (HO)
)
\Hy@abspage=\count197
\c@Item=\count198
\c@Hfootnote=\count199
)
Package hyperref Info: Driver (autodetected): hxetex.

(c:/texlive/2020/texmf-dist/tex/latex/hyperref/hxetex.def
File: hxetex.def 2020/01/14 v7.00d Hyperref driver for XeTeX

(c:/texlive/2020/texmf-dist/tex/latex/hyperref/puenc.def
File: puenc.def 2020/01/14 v7.00d Hyperref: PDF Unicode definition (HO)
)
(c:/texlive/2020/texmf-dist/tex/generic/stringenc/stringenc.sty
Package: stringenc 2019/11/29 v1.12 Convert strings between diff. encodings (HO
)
)
\pdfm@box=\box48
\c@Hy@AnnotLevel=\count266
\HyField@AnnotCount=\count267
\Fld@listcount=\count268
\c@bookmark@seq@number=\count269

(c:/texlive/2020/texmf-dist/tex/latex/rerunfilecheck/rerunfilecheck.sty
Package: rerunfilecheck 2019/12/05 v1.9 Rerun checks for auxiliary files (HO)

(c:/texlive/2020/texmf-dist/tex/latex/atveryend/atveryend.sty
Package: atveryend 2019-12-11 v1.11 Hooks at the very end of document (HO)
)
(c:/texlive/2020/texmf-dist/tex/generic/uniquecounter/uniquecounter.sty
Package: uniquecounter 2019/12/15 v1.4 Provide unlimited unique counter (HO)
)
Package uniquecounter Info: New unique counter `rerunfilecheck' on input line 2
86.
)
\Hy@SectionHShift=\skip68
)
(c:/texlive/2020/texmf-dist/tex/latex/was/upgreek.sty
Package: upgreek 2003/02/12 v2.0 (WaS)
Package upgreek Info: Using Euler Roman for upright Greek on input line 31.
\symugrf@m=\mathgroup9
LaTeX Font Info:    Overwriting symbol font `ugrf@m' in version `bold'
(Font)                  U/eur/m/n --> U/eur/b/n on input line 38.
)
(c:/texlive/2020/texmf-dist/tex/latex/jknapltx/mathrsfs.sty
Package: mathrsfs 1996/01/01 Math RSFS package v1.0 (jk)
\symrsfs=\mathgroup10
)
(c:/texlive/2020/texmf-dist/tex/latex/amsmath/amsxtra.sty
Package: amsxtra 1999/11/15 v1.2c AMS extra commands
LaTeX Info: Redefining \nobreakspace on input line 54.
)
(c:/texlive/2020/texmf-dist/tex/generic/xypic/xy.sty
(c:/texlive/2020/texmf-dist/tex/generic/xypic/xy.tex Bootstrap'ing: catcodes,
docmode, (c:/texlive/2020/texmf-dist/tex/generic/xypic/xyrecat.tex)
(c:/texlive/2020/texmf-dist/tex/generic/xypic/xyidioms.tex)

 Xy-pic version 3.8.9 <2013/10/06>
 Copyright (c) 1991-2013 by Kristoffer H. Rose <krisrose@tug.org> and others
 Xy-pic is free software: see the User's Guide for details.

Loading kernel: messages; fonts; allocations: state,
\X@c=\dimen160
\Y@c=\dimen161
\U@c=\dimen162
\D@c=\dimen163
\L@c=\dimen164
\R@c=\dimen165
\Edge@c=\toks35
\X@p=\dimen166
\Y@p=\dimen167
\U@p=\dimen168
\D@p=\dimen169
\L@p=\dimen170
\R@p=\dimen171
\Edge@p=\toks36
\X@origin=\dimen172
\Y@origin=\dimen173
\X@xbase=\dimen174
\Y@xbase=\dimen175
\X@ybase=\dimen176
\Y@ybase=\dimen177
\X@min=\dimen178
\Y@min=\dimen179
\X@max=\dimen180
\Y@max=\dimen181
\lastobjectbox@=\box49
\zerodotbox@=\box50
\almostz@=\dimen182
 direction,
\d@X=\dimen183
\d@Y=\dimen184
\K@=\count270
\KK@=\count271
\Direction=\count272
\K@dXdY=\dimen185
\K@dYdX=\dimen186
\xyread@=\read2
\xywrite@=\write3
\csp@=\count273
\quotPTK@=\dimen187

utility macros; pictures: \xy, positions,
\swaptoks@@=\toks37
\connectobjectbox@@=\box51
 objects,
\styletoks@=\toks38
 decorations;
kernel objects: directionals, circles, text; options; algorithms: directions,
edges, connections;  Xy-pic loaded)
(c:/texlive/2020/texmf-dist/tex/generic/iftex/ifpdf.sty
Package: ifpdf 2019/10/25 v3.4 ifpdf legacy package. Use iftex instead.
)
Package: xy 2013/10/06 Xy-pic version 3.8.9

(c:/texlive/2020/texmf-dist/tex/generic/xypic/xyall.tex
 Xy-pic option: All features v.3.8
(c:/texlive/2020/texmf-dist/tex/generic/xypic/xycurve.tex
 Xy-pic option: Curve and Spline extension v.3.12 curve,
\crv@cnt@=\count274
\crvpts@=\toks39
\splinebox@=\box52
\splineval@=\dimen188
\splinedepth@=\dimen189
\splinetol@=\dimen190
\splinelength@=\dimen191
 circles,
\L@=\dimen192
 loaded)
(c:/texlive/2020/texmf-dist/tex/generic/xypic/xyframe.tex
 Xy-pic option: Frame and Bracket extension v.3.14 loaded)
(c:/texlive/2020/texmf-dist/tex/generic/xypic/xycmtip.tex
 Xy-pic option: Computer Modern tip extension v.3.7
(c:/texlive/2020/texmf-dist/tex/generic/xypic/xytips.tex
 Xy-pic option: More Tips extension v.3.11 loaded) loaded)
(c:/texlive/2020/texmf-dist/tex/generic/xypic/xyline.tex
 Xy-pic option: Line styles extension v.3.10
\xylinethick@=\dimen193
 loaded)
(c:/texlive/2020/texmf-dist/tex/generic/xypic/xyrotate.tex
 Xy-pic option: Rotate and Scale extension v.3.8 loaded)
(c:/texlive/2020/texmf-dist/tex/generic/xypic/xycolor.tex
 Xy-pic option: Colour extension v.3.11 loaded)
(c:/texlive/2020/texmf-dist/tex/generic/xypic/xymatrix.tex
 Xy-pic option: Matrix feature v.3.14
\Row=\count275
\Col=\count276
\queue@=\toks40
\queue@@=\toks41
\qcount@=\count277
\qcount@@=\count278
\matrixsize@=\count279
 loaded)
(c:/texlive/2020/texmf-dist/tex/generic/xypic/xyarrow.tex
 Xy-pic option: Arrow and Path feature v.3.9 path, \ar, loaded)
(c:/texlive/2020/texmf-dist/tex/generic/xypic/xygraph.tex
 Xy-pic option: Graph feature v.3.11 loaded) loaded)
(c:/texlive/2020/texmf-dist/tex/generic/xypic/xypdf.tex
Invalid UTF-8 byte or sequence at line 10 replaced by U+FFFD.
Invalid UTF-8 byte or sequence at line 57 replaced by U+FFFD.

 Xy-pic option: PDF driver v.1.7 Xy-pic pdf driver: `color' extension support
(c:/texlive/2020/texmf-dist/tex/generic/xypic/xypdf-co.tex
Invalid UTF-8 byte or sequence at line 10 replaced by U+FFFD.
Invalid UTF-8 byte or sequence at line 57 replaced by U+FFFD.
 loaded)
Xy-pic pdf driver: `curve' extension support
(c:/texlive/2020/texmf-dist/tex/generic/xypic/xypdf-cu.tex
Invalid UTF-8 byte or sequence at line 10 replaced by U+FFFD.
Invalid UTF-8 byte or sequence at line 57 replaced by U+FFFD.
 loaded)
Xy-pic pdf driver: `frame' extension support
(c:/texlive/2020/texmf-dist/tex/generic/xypic/xypdf-fr.tex
Invalid UTF-8 byte or sequence at line 10 replaced by U+FFFD.
Invalid UTF-8 byte or sequence at line 57 replaced by U+FFFD.
 loaded)
Xy-pic pdf driver: `line' extension support
(c:/texlive/2020/texmf-dist/tex/generic/xypic/xypdf-li.tex
Invalid UTF-8 byte or sequence at line 10 replaced by U+FFFD.
Invalid UTF-8 byte or sequence at line 57 replaced by U+FFFD.
 loaded)
Xy-pic pdf driver: `rotate' extension support
(c:/texlive/2020/texmf-dist/tex/generic/xypic/xypdf-ro.tex
Invalid UTF-8 byte or sequence at line 10 replaced by U+FFFD.
Invalid UTF-8 byte or sequence at line 57 replaced by U+FFFD.
 loaded) loaded))
(c:/texlive/2020/texmf-dist/tex/latex/tools/array.sty
Package: array 2019/08/31 v2.4l Tabular extension package (FMi)
\col@sep=\dimen194
\ar@mcellbox=\box53
\extrarowheight=\dimen195
\NC@list=\toks42
\extratabsurround=\skip69
\backup@length=\skip70
\ar@cellbox=\box54
)
(c:/texlive/2020/texmf-dist/tex/latex/tools/tabularx.sty
Package: tabularx 2020/01/15 v2.11c `tabularx' package (DPC)
\TX@col@width=\dimen196
\TX@old@table=\dimen197
\TX@old@col=\dimen198
\TX@target=\dimen199
\TX@delta=\dimen256
\TX@cols=\count280
\TX@ftn=\toks43
)
(c:/texlive/2020/texmf-dist/tex/latex/booktabs/booktabs.sty
Package: booktabs 2020/01/12 v1.61803398 Publication quality tables
\heavyrulewidth=\dimen257
\lightrulewidth=\dimen258
\cmidrulewidth=\dimen259
\belowrulesep=\dimen260
\belowbottomsep=\dimen261
\aboverulesep=\dimen262
\abovetopsep=\dimen263
\cmidrulesep=\dimen264
\cmidrulekern=\dimen265
\defaultaddspace=\dimen266
\@cmidla=\count281
\@cmidlb=\count282
\@aboverulesep=\dimen267
\@belowrulesep=\dimen268
\@thisruleclass=\count283
\@lastruleclass=\count284
\@thisrulewidth=\dimen269
)
(c:/texlive/2020/texmf-dist/tex/latex/titlesec/titlesec.sty
Package: titlesec 2019/10/16 v2.13 Sectioning titles
\ttl@box=\box55
\beforetitleunit=\skip71
\aftertitleunit=\skip72
\ttl@plus=\dimen270
\ttl@minus=\dimen271
\ttl@toksa=\toks44
\titlewidth=\dimen272
\titlewidthlast=\dimen273
\titlewidthfirst=\dimen274
)
(c:/texlive/2020/texmf-dist/tex/latex/pgf/frontendlayer/tikz.sty
(c:/texlive/2020/texmf-dist/tex/latex/pgf/basiclayer/pgf.sty
(c:/texlive/2020/texmf-dist/tex/latex/pgf/utilities/pgfrcs.sty
(c:/texlive/2020/texmf-dist/tex/generic/pgf/utilities/pgfutil-common.tex
\pgfutil@everybye=\toks45
\pgfutil@tempdima=\dimen275
\pgfutil@tempdimb=\dimen276

(c:/texlive/2020/texmf-dist/tex/generic/pgf/utilities/pgfutil-common-lists.tex)
) (c:/texlive/2020/texmf-dist/tex/generic/pgf/utilities/pgfutil-latex.def
\pgfutil@abb=\box56

(c:/texlive/2020/texmf-dist/tex/latex/ms/everyshi.sty
Package: everyshi 2001/05/15 v3.00 EveryShipout Package (MS)
))
(c:/texlive/2020/texmf-dist/tex/generic/pgf/utilities/pgfrcs.code.tex
(c:/texlive/2020/texmf-dist/tex/generic/pgf/pgf.revision.tex)
Package: pgfrcs 2020/01/08 v3.1.5b (3.1.5b)
))
Package: pgf 2020/01/08 v3.1.5b (3.1.5b)

(c:/texlive/2020/texmf-dist/tex/latex/pgf/basiclayer/pgfcore.sty
(c:/texlive/2020/texmf-dist/tex/latex/pgf/systemlayer/pgfsys.sty
(c:/texlive/2020/texmf-dist/tex/generic/pgf/systemlayer/pgfsys.code.tex
Package: pgfsys 2020/01/08 v3.1.5b (3.1.5b)

(c:/texlive/2020/texmf-dist/tex/generic/pgf/utilities/pgfkeys.code.tex
\pgfkeys@pathtoks=\toks46
\pgfkeys@temptoks=\toks47

(c:/texlive/2020/texmf-dist/tex/generic/pgf/utilities/pgfkeysfiltered.code.tex
\pgfkeys@tmptoks=\toks48
))
\pgf@x=\dimen277
\pgf@y=\dimen278
\pgf@xa=\dimen279
\pgf@ya=\dimen280
\pgf@xb=\dimen281
\pgf@yb=\dimen282
\pgf@xc=\dimen283
\pgf@yc=\dimen284
\pgf@xd=\dimen285
\pgf@yd=\dimen286
\w@pgf@writea=\write4
\r@pgf@reada=\read3
\c@pgf@counta=\count285
\c@pgf@countb=\count286
\c@pgf@countc=\count287
\c@pgf@countd=\count288
\t@pgf@toka=\toks49
\t@pgf@tokb=\toks50
\t@pgf@tokc=\toks51
\pgf@sys@id@count=\count289
 (c:/texlive/2020/texmf-dist/tex/generic/pgf/systemlayer/pgf.cfg
File: pgf.cfg 2020/01/08 v3.1.5b (3.1.5b)
)
Driver file for pgf: pgfsys-xetex.def

(c:/texlive/2020/texmf-dist/tex/generic/pgf/systemlayer/pgfsys-xetex.def
File: pgfsys-xetex.def 2020/01/08 v3.1.5b (3.1.5b)

(c:/texlive/2020/texmf-dist/tex/generic/pgf/systemlayer/pgfsys-dvipdfmx.def
File: pgfsys-dvipdfmx.def 2020/01/08 v3.1.5b (3.1.5b)

(c:/texlive/2020/texmf-dist/tex/generic/pgf/systemlayer/pgfsys-common-pdf.def
File: pgfsys-common-pdf.def 2020/01/08 v3.1.5b (3.1.5b)
)
\pgfsys@objnum=\count290
)))
(c:/texlive/2020/texmf-dist/tex/generic/pgf/systemlayer/pgfsyssoftpath.code.tex
File: pgfsyssoftpath.code.tex 2020/01/08 v3.1.5b (3.1.5b)
\pgfsyssoftpath@smallbuffer@items=\count291
\pgfsyssoftpath@bigbuffer@items=\count292
)
(c:/texlive/2020/texmf-dist/tex/generic/pgf/systemlayer/pgfsysprotocol.code.tex
File: pgfsysprotocol.code.tex 2020/01/08 v3.1.5b (3.1.5b)
)) (c:/texlive/2020/texmf-dist/tex/latex/xcolor/xcolor.sty
Package: xcolor 2016/05/11 v2.12 LaTeX color extensions (UK)

(c:/texlive/2020/texmf-dist/tex/latex/graphics-cfg/color.cfg
File: color.cfg 2016/01/02 v1.6 sample color configuration
)
Package xcolor Info: Driver file: xetex.def on input line 225.
Package xcolor Info: Model `cmy' substituted by `cmy0' on input line 1348.
Package xcolor Info: Model `RGB' extended on input line 1364.
Package xcolor Info: Model `HTML' substituted by `rgb' on input line 1366.
Package xcolor Info: Model `Hsb' substituted by `hsb' on input line 1367.
Package xcolor Info: Model `tHsb' substituted by `hsb' on input line 1368.
Package xcolor Info: Model `HSB' substituted by `hsb' on input line 1369.
Package xcolor Info: Model `Gray' substituted by `gray' on input line 1370.
Package xcolor Info: Model `wave' substituted by `hsb' on input line 1371.
)
(c:/texlive/2020/texmf-dist/tex/generic/pgf/basiclayer/pgfcore.code.tex
Package: pgfcore 2020/01/08 v3.1.5b (3.1.5b)

(c:/texlive/2020/texmf-dist/tex/generic/pgf/math/pgfmath.code.tex
(c:/texlive/2020/texmf-dist/tex/generic/pgf/math/pgfmathcalc.code.tex
(c:/texlive/2020/texmf-dist/tex/generic/pgf/math/pgfmathutil.code.tex)
(c:/texlive/2020/texmf-dist/tex/generic/pgf/math/pgfmathparser.code.tex
\pgfmath@dimen=\dimen287
\pgfmath@count=\count293
\pgfmath@box=\box57
\pgfmath@toks=\toks52
\pgfmath@stack@operand=\toks53
\pgfmath@stack@operation=\toks54
)
(c:/texlive/2020/texmf-dist/tex/generic/pgf/math/pgfmathfunctions.code.tex
(c:/texlive/2020/texmf-dist/tex/generic/pgf/math/pgfmathfunctions.basic.code.te
x)
(c:/texlive/2020/texmf-dist/tex/generic/pgf/math/pgfmathfunctions.trigonometric
.code.tex)
(c:/texlive/2020/texmf-dist/tex/generic/pgf/math/pgfmathfunctions.random.code.t
ex)
(c:/texlive/2020/texmf-dist/tex/generic/pgf/math/pgfmathfunctions.comparison.co
de.tex)
(c:/texlive/2020/texmf-dist/tex/generic/pgf/math/pgfmathfunctions.base.code.tex
)
(c:/texlive/2020/texmf-dist/tex/generic/pgf/math/pgfmathfunctions.round.code.te
x)
(c:/texlive/2020/texmf-dist/tex/generic/pgf/math/pgfmathfunctions.misc.code.tex
)
(c:/texlive/2020/texmf-dist/tex/generic/pgf/math/pgfmathfunctions.integerarithm
etics.code.tex)))
(c:/texlive/2020/texmf-dist/tex/generic/pgf/math/pgfmathfloat.code.tex
\c@pgfmathroundto@lastzeros=\count294
))
(c:/texlive/2020/texmf-dist/tex/generic/pgf/math/pgfint.code.tex)
(c:/texlive/2020/texmf-dist/tex/generic/pgf/basiclayer/pgfcorepoints.code.tex
File: pgfcorepoints.code.tex 2020/01/08 v3.1.5b (3.1.5b)
\pgf@picminx=\dimen288
\pgf@picmaxx=\dimen289
\pgf@picminy=\dimen290
\pgf@picmaxy=\dimen291
\pgf@pathminx=\dimen292
\pgf@pathmaxx=\dimen293
\pgf@pathminy=\dimen294
\pgf@pathmaxy=\dimen295
\pgf@xx=\dimen296
\pgf@xy=\dimen297
\pgf@yx=\dimen298
\pgf@yy=\dimen299
\pgf@zx=\dimen300
\pgf@zy=\dimen301
)
(c:/texlive/2020/texmf-dist/tex/generic/pgf/basiclayer/pgfcorepathconstruct.cod
e.tex
File: pgfcorepathconstruct.code.tex 2020/01/08 v3.1.5b (3.1.5b)
\pgf@path@lastx=\dimen302
\pgf@path@lasty=\dimen303
)
(c:/texlive/2020/texmf-dist/tex/generic/pgf/basiclayer/pgfcorepathusage.code.te
x
File: pgfcorepathusage.code.tex 2020/01/08 v3.1.5b (3.1.5b)
\pgf@shorten@end@additional=\dimen304
\pgf@shorten@start@additional=\dimen305
)
(c:/texlive/2020/texmf-dist/tex/generic/pgf/basiclayer/pgfcorescopes.code.tex
File: pgfcorescopes.code.tex 2020/01/08 v3.1.5b (3.1.5b)
\pgfpic=\box58
\pgf@hbox=\box59
\pgf@layerbox@main=\box60
\pgf@picture@serial@count=\count295
)
(c:/texlive/2020/texmf-dist/tex/generic/pgf/basiclayer/pgfcoregraphicstate.code
.tex
File: pgfcoregraphicstate.code.tex 2020/01/08 v3.1.5b (3.1.5b)
\pgflinewidth=\dimen306
)
(c:/texlive/2020/texmf-dist/tex/generic/pgf/basiclayer/pgfcoretransformations.c
ode.tex
File: pgfcoretransformations.code.tex 2020/01/08 v3.1.5b (3.1.5b)
\pgf@pt@x=\dimen307
\pgf@pt@y=\dimen308
\pgf@pt@temp=\dimen309
)
(c:/texlive/2020/texmf-dist/tex/generic/pgf/basiclayer/pgfcorequick.code.tex
File: pgfcorequick.code.tex 2020/01/08 v3.1.5b (3.1.5b)
)
(c:/texlive/2020/texmf-dist/tex/generic/pgf/basiclayer/pgfcoreobjects.code.tex
File: pgfcoreobjects.code.tex 2020/01/08 v3.1.5b (3.1.5b)
)
(c:/texlive/2020/texmf-dist/tex/generic/pgf/basiclayer/pgfcorepathprocessing.co
de.tex
File: pgfcorepathprocessing.code.tex 2020/01/08 v3.1.5b (3.1.5b)
)
(c:/texlive/2020/texmf-dist/tex/generic/pgf/basiclayer/pgfcorearrows.code.tex
File: pgfcorearrows.code.tex 2020/01/08 v3.1.5b (3.1.5b)
\pgfarrowsep=\dimen310
)
(c:/texlive/2020/texmf-dist/tex/generic/pgf/basiclayer/pgfcoreshade.code.tex
File: pgfcoreshade.code.tex 2020/01/08 v3.1.5b (3.1.5b)
\pgf@max=\dimen311
\pgf@sys@shading@range@num=\count296
\pgf@shadingcount=\count297
)
(c:/texlive/2020/texmf-dist/tex/generic/pgf/basiclayer/pgfcoreimage.code.tex
File: pgfcoreimage.code.tex 2020/01/08 v3.1.5b (3.1.5b)

(c:/texlive/2020/texmf-dist/tex/generic/pgf/basiclayer/pgfcoreexternal.code.tex
File: pgfcoreexternal.code.tex 2020/01/08 v3.1.5b (3.1.5b)
\pgfexternal@startupbox=\box61
))
(c:/texlive/2020/texmf-dist/tex/generic/pgf/basiclayer/pgfcorelayers.code.tex
File: pgfcorelayers.code.tex 2020/01/08 v3.1.5b (3.1.5b)
)
(c:/texlive/2020/texmf-dist/tex/generic/pgf/basiclayer/pgfcoretransparency.code
.tex
File: pgfcoretransparency.code.tex 2020/01/08 v3.1.5b (3.1.5b)
)
(c:/texlive/2020/texmf-dist/tex/generic/pgf/basiclayer/pgfcorepatterns.code.tex
File: pgfcorepatterns.code.tex 2020/01/08 v3.1.5b (3.1.5b)
) (c:/texlive/2020/texmf-dist/tex/generic/pgf/basiclayer/pgfcorerdf.code.tex
File: pgfcorerdf.code.tex 2020/01/08 v3.1.5b (3.1.5b)
))) (c:/texlive/2020/texmf-dist/tex/generic/pgf/modules/pgfmoduleshapes.code.te
x
File: pgfmoduleshapes.code.tex 2020/01/08 v3.1.5b (3.1.5b)
\pgfnodeparttextbox=\box62
)
(c:/texlive/2020/texmf-dist/tex/generic/pgf/modules/pgfmoduleplot.code.tex
File: pgfmoduleplot.code.tex 2020/01/08 v3.1.5b (3.1.5b)
)
(c:/texlive/2020/texmf-dist/tex/latex/pgf/compatibility/pgfcomp-version-0-65.st
y
Package: pgfcomp-version-0-65 2020/01/08 v3.1.5b (3.1.5b)
\pgf@nodesepstart=\dimen312
\pgf@nodesepend=\dimen313
)
(c:/texlive/2020/texmf-dist/tex/latex/pgf/compatibility/pgfcomp-version-1-18.st
y
Package: pgfcomp-version-1-18 2020/01/08 v3.1.5b (3.1.5b)
)) (c:/texlive/2020/texmf-dist/tex/latex/pgf/utilities/pgffor.sty
(c:/texlive/2020/texmf-dist/tex/latex/pgf/utilities/pgfkeys.sty
(c:/texlive/2020/texmf-dist/tex/generic/pgf/utilities/pgfkeys.code.tex))
(c:/texlive/2020/texmf-dist/tex/latex/pgf/math/pgfmath.sty
(c:/texlive/2020/texmf-dist/tex/generic/pgf/math/pgfmath.code.tex))
(c:/texlive/2020/texmf-dist/tex/generic/pgf/utilities/pgffor.code.tex
Package: pgffor 2020/01/08 v3.1.5b (3.1.5b)

(c:/texlive/2020/texmf-dist/tex/generic/pgf/math/pgfmath.code.tex)
\pgffor@iter=\dimen314
\pgffor@skip=\dimen315
\pgffor@stack=\toks55
\pgffor@toks=\toks56
))
(c:/texlive/2020/texmf-dist/tex/generic/pgf/frontendlayer/tikz/tikz.code.tex
Package: tikz 2020/01/08 v3.1.5b (3.1.5b)

(c:/texlive/2020/texmf-dist/tex/generic/pgf/libraries/pgflibraryplothandlers.co
de.tex
File: pgflibraryplothandlers.code.tex 2020/01/08 v3.1.5b (3.1.5b)
\pgf@plot@mark@count=\count298
\pgfplotmarksize=\dimen316
)
\tikz@lastx=\dimen317
\tikz@lasty=\dimen318
\tikz@lastxsaved=\dimen319
\tikz@lastysaved=\dimen320
\tikz@lastmovetox=\dimen321
\tikz@lastmovetoy=\dimen322
\tikzleveldistance=\dimen323
\tikzsiblingdistance=\dimen324
\tikz@figbox=\box63
\tikz@figbox@bg=\box64
\tikz@tempbox=\box65
\tikz@tempbox@bg=\box66
\tikztreelevel=\count299
\tikznumberofchildren=\count300
\tikznumberofcurrentchild=\count301
\tikz@fig@count=\count302

(c:/texlive/2020/texmf-dist/tex/generic/pgf/modules/pgfmodulematrix.code.tex
File: pgfmodulematrix.code.tex 2020/01/08 v3.1.5b (3.1.5b)
\pgfmatrixcurrentrow=\count303
\pgfmatrixcurrentcolumn=\count304
\pgf@matrix@numberofcolumns=\count305
)
\tikz@expandcount=\count306

(c:/texlive/2020/texmf-dist/tex/generic/pgf/frontendlayer/tikz/libraries/tikzli
brarytopaths.code.tex
File: tikzlibrarytopaths.code.tex 2020/01/08 v3.1.5b (3.1.5b)
)))
(c:/texlive/2020/texmf-dist/tex/latex/wrapfig/wrapfig.sty
\wrapoverhang=\dimen325
\WF@size=\dimen326
\c@WF@wrappedlines=\count307
\WF@box=\box67
\WF@everypar=\toks57
Package: wrapfig 2003/01/31  v 3.6
)
(c:/texlive/2020/texmf-dist/tex/latex/caption/caption.sty
Package: caption 2020/01/03 v3.4h Customizing captions (AR)

(c:/texlive/2020/texmf-dist/tex/latex/caption/caption3.sty
Package: caption3 2020/01/03 v1.8h caption3 kernel (AR)
Package caption3 Info: TeX engine: e-TeX on input line 61.
\captionmargin=\dimen327
\captionmargin@=\dimen328
\captionwidth=\dimen329
\caption@tempdima=\dimen330
\caption@indent=\dimen331
\caption@parindent=\dimen332
\caption@hangindent=\dimen333
Package caption Info: Standard document class detected.
)
\c@caption@flags=\count308
\c@continuedfloat=\count309
Package caption Info: hyperref package is loaded.
Package caption Info: wrapfig package is loaded.
))
! Text line contains an invalid character.
l.4 \title{QUANTUM MECHANICS (NON^^B
                                    RELATIVISTIC THEORY)
A funny symbol that I can't read has just been input.
Continue, and I'll forget that it ever happened.

(c:/texlive/2020/texmf-dist/tex/latex/l3backend/l3backend-xdvipdfmx.def
File: l3backend-xdvipdfmx.def 2020-03-12 L3 backend support: xdvipdfmx
\g__graphics_track_int=\count310
\l__pdf_internal_box=\box68
\g__pdf_backend_object_int=\count311
\g__pdf_backend_annotation_int=\count312
)
(./main.aux (./src/chapter01.aux) (./src/chapter02.aux) (./src/chapter03.aux))
\openout1 = `main.aux'.

LaTeX Font Info:    Checking defaults for OML/cmm/m/it on input line 8.
LaTeX Font Info:    ... okay on input line 8.
LaTeX Font Info:    Checking defaults for OMS/cmsy/m/n on input line 8.
LaTeX Font Info:    ... okay on input line 8.
LaTeX Font Info:    Checking defaults for OT1/cmr/m/n on input line 8.
LaTeX Font Info:    ... okay on input line 8.
LaTeX Font Info:    Checking defaults for T1/cmr/m/n on input line 8.
LaTeX Font Info:    ... okay on input line 8.
LaTeX Font Info:    Checking defaults for TS1/cmr/m/n on input line 8.
LaTeX Font Info:    Trying to load font information for TS1+cmr on input line 8
.

(c:/texlive/2020/texmf-dist/tex/latex/base/ts1cmr.fd
File: ts1cmr.fd 2019/12/16 v2.5j Standard LaTeX font definitions
)
LaTeX Font Info:    ... okay on input line 8.
LaTeX Font Info:    Checking defaults for TU/lmr/m/n on input line 8.
LaTeX Font Info:    ... okay on input line 8.
LaTeX Font Info:    Checking defaults for OMX/cmex/m/n on input line 8.
LaTeX Font Info:    ... okay on input line 8.
LaTeX Font Info:    Checking defaults for U/cmr/m/n on input line 8.
LaTeX Font Info:    ... okay on input line 8.
LaTeX Font Info:    Checking defaults for PD1/pdf/m/n on input line 8.
LaTeX Font Info:    ... okay on input line 8.
LaTeX Font Info:    Checking defaults for PU/pdf/m/n on input line 8.
LaTeX Font Info:    ... okay on input line 8.
\AtBeginShipoutBox=\box69
Package hyperref Info: Link coloring ON on input line 8.

(c:/texlive/2020/texmf-dist/tex/latex/hyperref/nameref.sty
Package: nameref 2019/09/16 v2.46 Cross-referencing by name of section

(c:/texlive/2020/texmf-dist/tex/latex/refcount/refcount.sty
Package: refcount 2019/12/15 v3.6 Data extraction from label references (HO)
)
(c:/texlive/2020/texmf-dist/tex/generic/gettitlestring/gettitlestring.sty
Package: gettitlestring 2019/12/15 v1.6 Cleanup title references (HO)
)
\c@section@level=\count313
)
LaTeX Info: Redefining \ref on input line 8.
LaTeX Info: Redefining \pageref on input line 8.
LaTeX Info: Redefining \nameref on input line 8.

(./main.out) (./main.out)
\@outlinefile=\write5
\openout5 = `main.out'.

LaTeX Font Info:    Trying to load font information for U+msa on input line 8.

(c:/texlive/2020/texmf-dist/tex/latex/amsfonts/umsa.fd
File: umsa.fd 2013/01/14 v3.01 AMS symbols A
)
LaTeX Font Info:    Trying to load font information for U+msb on input line 8.

(c:/texlive/2020/texmf-dist/tex/latex/amsfonts/umsb.fd
File: umsb.fd 2013/01/14 v3.01 AMS symbols B
)
LaTeX Font Info:    Trying to load font information for U+rsfs on input line 8.


(c:/texlive/2020/texmf-dist/tex/latex/jknapltx/ursfs.fd
File: ursfs.fd 1998/03/24 rsfs font definition file (jk)
)
Package xypdf Info: Line width: 0.47998pt on input line 8.

ABD: EveryShipout initializing macros
Package caption Info: Begin \AtBeginDocument code.
Package caption Info: End \AtBeginDocument code.

(c:/texlive/2020/texmf-dist/tex/generic/stringenc/se-ascii-print.def
File: se-ascii-print.def 2019/11/29 v1.12 stringenc: Printable ASCII characters

) [1



]

Package Fancyhdr Warning: \headheight (0.0pt) is not equal with 14.49998pt.
 Please compile again to correct this problem. on input line 18.


Overfull \vbox (14.49998pt too high) has occurred while \output is active []



Package Fancyhdr Warning: \footskip (30.0pt) is not equal with 4.35004pt.
 Please compile again to correct this problem. on input line 18.

[2

] (./main.toc)
\tf@toc=\write6
\openout6 = `main.toc'.

 [3]

Package Fancyhdr Warning: \headheight (0.0pt) is not equal with 14.49998pt.
 Please compile again to correct this problem. on input line 20.


Overfull \vbox (14.49998pt too high) has occurred while \output is active []



Package Fancyhdr Warning: \footskip (30.0pt) is not equal with 4.35004pt.
 Please compile again to correct this problem. on input line 20.

[4

]
\openout2 = `./src/chapter01.aux'.

 (./src/chapter01.tex
Chapter I.
[1


]
Underfull \vbox (badness 2460) has occurred while \output is active []



Package Fancyhdr Warning: \headheight (0.0pt) is not equal with 14.49998pt.
 Please compile again to correct this problem. on input line 24.


Overfull \vbox (14.49998pt too high) has occurred while \output is active []



Package Fancyhdr Warning: \footskip (30.0pt) is not equal with 4.35004pt.
 Please compile again to correct this problem. on input line 24.

[2]

Package Fancyhdr Warning: \headheight (0.0pt) is not equal with 14.49998pt.
 Please compile again to correct this problem. on input line 36.


Overfull \vbox (14.49998pt too high) has occurred while \output is active []



Package Fancyhdr Warning: \footskip (30.0pt) is not equal with 4.35004pt.
 Please compile again to correct this problem. on input line 36.

[3]

Package Fancyhdr Warning: \headheight (0.0pt) is not equal with 14.49998pt.
 Please compile again to correct this problem. on input line 52.


Overfull \vbox (14.49998pt too high) has occurred while \output is active []



Package Fancyhdr Warning: \footskip (30.0pt) is not equal with 4.35004pt.
 Please compile again to correct this problem. on input line 52.

[4]

Package Fancyhdr Warning: \headheight (0.0pt) is not equal with 14.49998pt.
 Please compile again to correct this problem. on input line 61.


Overfull \vbox (14.49998pt too high) has occurred while \output is active []



Package Fancyhdr Warning: \footskip (30.0pt) is not equal with 4.35004pt.
 Please compile again to correct this problem. on input line 61.

[5]

Package Fancyhdr Warning: \headheight (0.0pt) is not equal with 14.49998pt.
 Please compile again to correct this problem. on input line 75.


Overfull \vbox (14.49998pt too high) has occurred while \output is active []



Package Fancyhdr Warning: \footskip (30.0pt) is not equal with 4.35004pt.
 Please compile again to correct this problem. on input line 75.

[6]
Missing character: There is no ′ in font cmr12!
Missing character: There is no ′ in font cmr10!
Missing character: There is no ′ in font cmr10!


Package Fancyhdr Warning: \headheight (0.0pt) is not equal with 14.49998pt.
 Please compile again to correct this problem. on input line 94.


Overfull \vbox (14.49998pt too high) has occurred while \output is active []



Package Fancyhdr Warning: \footskip (30.0pt) is not equal with 4.35004pt.
 Please compile again to correct this problem. on input line 94.

[7]
Underfull \vbox (badness 4660) has occurred while \output is active []



Package Fancyhdr Warning: \headheight (0.0pt) is not equal with 14.49998pt.
 Please compile again to correct this problem. on input line 105.


Overfull \vbox (14.49998pt too high) has occurred while \output is active []



Package Fancyhdr Warning: \footskip (30.0pt) is not equal with 4.35004pt.
 Please compile again to correct this problem. on input line 105.

[8]

Package Fancyhdr Warning: \headheight (0.0pt) is not equal with 14.49998pt.
 Please compile again to correct this problem. on input line 120.


Overfull \vbox (14.49998pt too high) has occurred while \output is active []



Package Fancyhdr Warning: \footskip (30.0pt) is not equal with 4.35004pt.
 Please compile again to correct this problem. on input line 120.

[9]

Package Fancyhdr Warning: \headheight (0.0pt) is not equal with 14.49998pt.
 Please compile again to correct this problem. on input line 140.


Overfull \vbox (14.49998pt too high) has occurred while \output is active []



Package Fancyhdr Warning: \footskip (30.0pt) is not equal with 4.35004pt.
 Please compile again to correct this problem. on input line 140.

[10]

Package Fancyhdr Warning: \headheight (0.0pt) is not equal with 14.49998pt.
 Please compile again to correct this problem. on input line 163.


Overfull \vbox (14.49998pt too high) has occurred while \output is active []



Package Fancyhdr Warning: \footskip (30.0pt) is not equal with 4.35004pt.
 Please compile again to correct this problem. on input line 163.

[11]

Package Fancyhdr Warning: \headheight (0.0pt) is not equal with 14.49998pt.
 Please compile again to correct this problem. on input line 187.


Overfull \vbox (14.49998pt too high) has occurred while \output is active []



Package Fancyhdr Warning: \footskip (30.0pt) is not equal with 4.35004pt.
 Please compile again to correct this problem. on input line 187.

[12]
Missing character: There is no ′ in font cmr10!
Missing character: There is no ′ in font cmr10!


Package Fancyhdr Warning: \headheight (0.0pt) is not equal with 14.49998pt.
 Please compile again to correct this problem. on input line 207.


Overfull \vbox (14.49998pt too high) has occurred while \output is active []



Package Fancyhdr Warning: \footskip (30.0pt) is not equal with 4.35004pt.
 Please compile again to correct this problem. on input line 207.

[13]

Package Fancyhdr Warning: \headheight (0.0pt) is not equal with 14.49998pt.
 Please compile again to correct this problem. on input line 236.


Overfull \vbox (14.49998pt too high) has occurred while \output is active []



Package Fancyhdr Warning: \footskip (30.0pt) is not equal with 4.35004pt.
 Please compile again to correct this problem. on input line 236.

[14]

Package Fancyhdr Warning: \headheight (0.0pt) is not equal with 14.49998pt.
 Please compile again to correct this problem. on input line 254.


Overfull \vbox (14.49998pt too high) has occurred while \output is active []



Package Fancyhdr Warning: \footskip (30.0pt) is not equal with 4.35004pt.
 Please compile again to correct this problem. on input line 254.

[15]

Package Fancyhdr Warning: \headheight (0.0pt) is not equal with 14.49998pt.
 Please compile again to correct this problem. on input line 267.


Overfull \vbox (14.49998pt too high) has occurred while \output is active []



Package Fancyhdr Warning: \footskip (30.0pt) is not equal with 4.35004pt.
 Please compile again to correct this problem. on input line 267.

[16]

Package Fancyhdr Warning: \headheight (0.0pt) is not equal with 14.49998pt.
 Please compile again to correct this problem. on input line 297.


Overfull \vbox (14.49998pt too high) has occurred while \output is active []



Package Fancyhdr Warning: \footskip (30.0pt) is not equal with 4.35004pt.
 Please compile again to correct this problem. on input line 297.

[17]

Package Fancyhdr Warning: \headheight (0.0pt) is not equal with 14.49998pt.
 Please compile again to correct this problem. on input line 321.


Overfull \vbox (14.49998pt too high) has occurred while \output is active []



Package Fancyhdr Warning: \footskip (30.0pt) is not equal with 4.35004pt.
 Please compile again to correct this problem. on input line 321.

[18]
Missing character: There is no ′ in font cmr12!
Missing character: There is no ′ in font cmr12!
Missing character: There is no ′ in font cmr12!


Package Fancyhdr Warning: \headheight (0.0pt) is not equal with 14.49998pt.
 Please compile again to correct this problem. on input line 346.


Overfull \vbox (14.49998pt too high) has occurred while \output is active []



Package Fancyhdr Warning: \footskip (30.0pt) is not equal with 4.35004pt.
 Please compile again to correct this problem. on input line 346.

[19]

Package Fancyhdr Warning: \headheight (0.0pt) is not equal with 14.49998pt.
 Please compile again to correct this problem. on input line 380.


Overfull \vbox (14.49998pt too high) has occurred while \output is active []



Package Fancyhdr Warning: \footskip (30.0pt) is not equal with 4.35004pt.
 Please compile again to correct this problem. on input line 380.

[20]
Missing character: There is no φ in font [lmroman12-regular]:mapping=tex-text;!


Package Fancyhdr Warning: \headheight (0.0pt) is not equal with 14.49998pt.
 Please compile again to correct this problem. on input line 401.


Overfull \vbox (14.49998pt too high) has occurred while \output is active []



Package Fancyhdr Warning: \footskip (30.0pt) is not equal with 4.35004pt.
 Please compile again to correct this problem. on input line 401.

[21]

Package Fancyhdr Warning: \headheight (0.0pt) is not equal with 14.49998pt.
 Please compile again to correct this problem. on input line 428.


Overfull \vbox (14.49998pt too high) has occurred while \output is active []



Package Fancyhdr Warning: \footskip (30.0pt) is not equal with 4.35004pt.
 Please compile again to correct this problem. on input line 428.

[22]

Package Fancyhdr Warning: \headheight (0.0pt) is not equal with 14.49998pt.
 Please compile again to correct this problem. on input line 436.


Overfull \vbox (14.49998pt too high) has occurred while \output is active []



Package Fancyhdr Warning: \footskip (30.0pt) is not equal with 4.35004pt.
 Please compile again to correct this problem. on input line 436.

[23]

Package Fancyhdr Warning: \headheight (0.0pt) is not equal with 14.49998pt.
 Please compile again to correct this problem. on input line 452.


Overfull \vbox (14.49998pt too high) has occurred while \output is active []



Package Fancyhdr Warning: \footskip (30.0pt) is not equal with 4.35004pt.
 Please compile again to correct this problem. on input line 452.

[24]

Package Fancyhdr Warning: \headheight (0.0pt) is not equal with 14.49998pt.
 Please compile again to correct this problem. on input line 464.


Overfull \vbox (14.49998pt too high) has occurred while \output is active []



Package Fancyhdr Warning: \footskip (30.0pt) is not equal with 4.35004pt.
 Please compile again to correct this problem. on input line 464.

[25]

Package Fancyhdr Warning: \headheight (0.0pt) is not equal with 14.49998pt.
 Please compile again to correct this problem. on input line 486.


Overfull \vbox (14.49998pt too high) has occurred while \output is active []



Package Fancyhdr Warning: \footskip (30.0pt) is not equal with 4.35004pt.
 Please compile again to correct this problem. on input line 486.

[26]

Package Fancyhdr Warning: \headheight (0.0pt) is not equal with 14.49998pt.
 Please compile again to correct this problem. on input line 510.


Overfull \vbox (14.49998pt too high) has occurred while \output is active []



Package Fancyhdr Warning: \footskip (30.0pt) is not equal with 4.35004pt.
 Please compile again to correct this problem. on input line 510.

[27])

Package Fancyhdr Warning: \headheight (0.0pt) is not equal with 14.49998pt.
 Please compile again to correct this problem. on input line 22.


Overfull \vbox (14.49998pt too high) has occurred while \output is active []



Package Fancyhdr Warning: \footskip (30.0pt) is not equal with 4.35004pt.
 Please compile again to correct this problem. on input line 22.

[28]
\openout2 = `./src/chapter02.aux'.

 (./src/chapter02.tex
Chapter II.
[29



]
Overfull \hbox (6.20485pt too wide) in paragraph at lines 30--32
\TU/lmr/m/n/12 Starting from this definition, it is easy to obtain an expressio
n for the quantum-
 []


Package Fancyhdr Warning: \headheight (0.0pt) is not equal with 14.49998pt.
 Please compile again to correct this problem. on input line 34.


Overfull \vbox (14.49998pt too high) has occurred while \output is active []



Package Fancyhdr Warning: \footskip (30.0pt) is not equal with 4.35004pt.
 Please compile again to correct this problem. on input line 34.

[30]

Package Fancyhdr Warning: \headheight (0.0pt) is not equal with 14.49998pt.
 Please compile again to correct this problem. on input line 56.


Overfull \vbox (14.49998pt too high) has occurred while \output is active []



Package Fancyhdr Warning: \footskip (30.0pt) is not equal with 4.35004pt.
 Please compile again to correct this problem. on input line 56.

[31]

Package Fancyhdr Warning: \headheight (0.0pt) is not equal with 14.49998pt.
 Please compile again to correct this problem. on input line 76.


Overfull \vbox (14.49998pt too high) has occurred while \output is active []



Package Fancyhdr Warning: \footskip (30.0pt) is not equal with 4.35004pt.
 Please compile again to correct this problem. on input line 76.

[32]

Package Fancyhdr Warning: \headheight (0.0pt) is not equal with 14.49998pt.
 Please compile again to correct this problem. on input line 98.


Overfull \vbox (14.49998pt too high) has occurred while \output is active []



Package Fancyhdr Warning: \footskip (30.0pt) is not equal with 4.35004pt.
 Please compile again to correct this problem. on input line 98.

[33]
Underfull \vbox (badness 3657) has occurred while \output is active []



Package Fancyhdr Warning: \headheight (0.0pt) is not equal with 14.49998pt.
 Please compile again to correct this problem. on input line 106.


Overfull \vbox (14.49998pt too high) has occurred while \output is active []



Package Fancyhdr Warning: \footskip (30.0pt) is not equal with 4.35004pt.
 Please compile again to correct this problem. on input line 106.

[34]
Missing character: There is no Ψ in font cmmi10!


Package Fancyhdr Warning: \headheight (0.0pt) is not equal with 14.49998pt.
 Please compile again to correct this problem. on input line 127.


Overfull \vbox (14.49998pt too high) has occurred while \output is active []



Package Fancyhdr Warning: \footskip (30.0pt) is not equal with 4.35004pt.
 Please compile again to correct this problem. on input line 127.

[35]

Package Fancyhdr Warning: \headheight (0.0pt) is not equal with 14.49998pt.
 Please compile again to correct this problem. on input line 158.


Overfull \vbox (14.49998pt too high) has occurred while \output is active []



Package Fancyhdr Warning: \footskip (30.0pt) is not equal with 4.35004pt.
 Please compile again to correct this problem. on input line 158.

[36]

Package Fancyhdr Warning: \headheight (0.0pt) is not equal with 14.49998pt.
 Please compile again to correct this problem. on input line 187.


Overfull \vbox (14.49998pt too high) has occurred while \output is active []



Package Fancyhdr Warning: \footskip (30.0pt) is not equal with 4.35004pt.
 Please compile again to correct this problem. on input line 187.

[37]

Package Fancyhdr Warning: \headheight (0.0pt) is not equal with 14.49998pt.
 Please compile again to correct this problem. on input line 208.


Overfull \vbox (14.49998pt too high) has occurred while \output is active []



Package Fancyhdr Warning: \footskip (30.0pt) is not equal with 4.35004pt.
 Please compile again to correct this problem. on input line 208.

[38]

Package Fancyhdr Warning: \headheight (0.0pt) is not equal with 14.49998pt.
 Please compile again to correct this problem. on input line 221.


Overfull \vbox (14.49998pt too high) has occurred while \output is active []



Package Fancyhdr Warning: \footskip (30.0pt) is not equal with 4.35004pt.
 Please compile again to correct this problem. on input line 221.

[39]
Missing character: There is no − in font cmr12!


Package Fancyhdr Warning: \headheight (0.0pt) is not equal with 14.49998pt.
 Please compile again to correct this problem. on input line 242.


Overfull \vbox (14.49998pt too high) has occurred while \output is active []



Package Fancyhdr Warning: \footskip (30.0pt) is not equal with 4.35004pt.
 Please compile again to correct this problem. on input line 242.

[40]

Package Fancyhdr Warning: \headheight (0.0pt) is not equal with 14.49998pt.
 Please compile again to correct this problem. on input line 267.


Overfull \vbox (14.49998pt too high) has occurred while \output is active []



Package Fancyhdr Warning: \footskip (30.0pt) is not equal with 4.35004pt.
 Please compile again to correct this problem. on input line 267.

[41]

Package Fancyhdr Warning: \headheight (0.0pt) is not equal with 14.49998pt.
 Please compile again to correct this problem. on input line 304.


Overfull \vbox (14.49998pt too high) has occurred while \output is active []



Package Fancyhdr Warning: \footskip (30.0pt) is not equal with 4.35004pt.
 Please compile again to correct this problem. on input line 304.

[42]

Package Fancyhdr Warning: \headheight (0.0pt) is not equal with 14.49998pt.
 Please compile again to correct this problem. on input line 340.


Overfull \vbox (14.49998pt too high) has occurred while \output is active []



Package Fancyhdr Warning: \footskip (30.0pt) is not equal with 4.35004pt.
 Please compile again to correct this problem. on input line 340.

[43]

Package Fancyhdr Warning: \headheight (0.0pt) is not equal with 14.49998pt.
 Please compile again to correct this problem. on input line 370.


Overfull \vbox (14.49998pt too high) has occurred while \output is active []



Package Fancyhdr Warning: \footskip (30.0pt) is not equal with 4.35004pt.
 Please compile again to correct this problem. on input line 370.

[44]

Package Fancyhdr Warning: \headheight (0.0pt) is not equal with 14.49998pt.
 Please compile again to correct this problem. on input line 389.


Overfull \vbox (14.49998pt too high) has occurred while \output is active []



Package Fancyhdr Warning: \footskip (30.0pt) is not equal with 4.35004pt.
 Please compile again to correct this problem. on input line 389.

[45]

Package Fancyhdr Warning: \headheight (0.0pt) is not equal with 14.49998pt.
 Please compile again to correct this problem. on input line 408.


Overfull \vbox (14.49998pt too high) has occurred while \output is active []



Package Fancyhdr Warning: \footskip (30.0pt) is not equal with 4.35004pt.
 Please compile again to correct this problem. on input line 408.

[46]

Package Fancyhdr Warning: \headheight (0.0pt) is not equal with 14.49998pt.
 Please compile again to correct this problem. on input line 437.


Overfull \vbox (14.49998pt too high) has occurred while \output is active []



Package Fancyhdr Warning: \footskip (30.0pt) is not equal with 4.35004pt.
 Please compile again to correct this problem. on input line 437.

[47]

Package Fancyhdr Warning: \headheight (0.0pt) is not equal with 14.49998pt.
 Please compile again to correct this problem. on input line 463.


Overfull \vbox (14.49998pt too high) has occurred while \output is active []



Package Fancyhdr Warning: \footskip (30.0pt) is not equal with 4.35004pt.
 Please compile again to correct this problem. on input line 463.

[48]
Missing character: There is no Ô in font cmmi12!
Missing character: There is no Ô in font cmmi12!


Package Fancyhdr Warning: \headheight (0.0pt) is not equal with 14.49998pt.
 Please compile again to correct this problem. on input line 485.


Overfull \vbox (14.49998pt too high) has occurred while \output is active []



Package Fancyhdr Warning: \footskip (30.0pt) is not equal with 4.35004pt.
 Please compile again to correct this problem. on input line 485.

[49]

Package Fancyhdr Warning: \headheight (0.0pt) is not equal with 14.49998pt.
 Please compile again to correct this problem. on input line 515.


Overfull \vbox (14.49998pt too high) has occurred while \output is active []



Package Fancyhdr Warning: \footskip (30.0pt) is not equal with 4.35004pt.
 Please compile again to correct this problem. on input line 515.

[50]
Missing character: There is no − in font cmr12!


Package Fancyhdr Warning: \headheight (0.0pt) is not equal with 14.49998pt.
 Please compile again to correct this problem. on input line 540.


Overfull \vbox (14.49998pt too high) has occurred while \output is active []



Package Fancyhdr Warning: \footskip (30.0pt) is not equal with 4.35004pt.
 Please compile again to correct this problem. on input line 540.

[51]

Package Fancyhdr Warning: \headheight (0.0pt) is not equal with 14.49998pt.
 Please compile again to correct this problem. on input line 566.


Overfull \vbox (14.49998pt too high) has occurred while \output is active []



Package Fancyhdr Warning: \footskip (30.0pt) is not equal with 4.35004pt.
 Please compile again to correct this problem. on input line 566.

[52]
Missing character: There is no − in font cmr12!


Package Fancyhdr Warning: \headheight (0.0pt) is not equal with 14.49998pt.
 Please compile again to correct this problem. on input line 593.


Overfull \vbox (14.49998pt too high) has occurred while \output is active []



Package Fancyhdr Warning: \footskip (30.0pt) is not equal with 4.35004pt.
 Please compile again to correct this problem. on input line 593.

[53]

Package Fancyhdr Warning: \headheight (0.0pt) is not equal with 14.49998pt.
 Please compile again to correct this problem. on input line 615.


Overfull \vbox (14.49998pt too high) has occurred while \output is active []



Package Fancyhdr Warning: \footskip (30.0pt) is not equal with 4.35004pt.
 Please compile again to correct this problem. on input line 615.

[54]

Package Fancyhdr Warning: \headheight (0.0pt) is not equal with 14.49998pt.
 Please compile again to correct this problem. on input line 633.


Overfull \vbox (14.49998pt too high) has occurred while \output is active []



Package Fancyhdr Warning: \footskip (30.0pt) is not equal with 4.35004pt.
 Please compile again to correct this problem. on input line 633.

[55]
Missing character: There is no ε in font [lmroman12-regular]:mapping=tex-text;!


Package Fancyhdr Warning: \headheight (0.0pt) is not equal with 14.49998pt.
 Please compile again to correct this problem. on input line 651.


Overfull \vbox (14.49998pt too high) has occurred while \output is active []



Package Fancyhdr Warning: \footskip (30.0pt) is not equal with 4.35004pt.
 Please compile again to correct this problem. on input line 651.

[56])

Package Fancyhdr Warning: \headheight (0.0pt) is not equal with 14.49998pt.
 Please compile again to correct this problem. on input line 23.


Overfull \vbox (14.49998pt too high) has occurred while \output is active []



Package Fancyhdr Warning: \footskip (30.0pt) is not equal with 4.35004pt.
 Please compile again to correct this problem. on input line 23.

[57]
\openout2 = `./src/chapter03.aux'.

 (./src/chapter03.tex

Package Fancyhdr Warning: \headheight (0.0pt) is not equal with 14.49998pt.
 Please compile again to correct this problem. on input line 1.


Overfull \vbox (14.49998pt too high) has occurred while \output is active []



Package Fancyhdr Warning: \footskip (30.0pt) is not equal with 4.35004pt.
 Please compile again to correct this problem. on input line 1.

[58



]
Chapter III.
[59]

Package Fancyhdr Warning: \headheight (0.0pt) is not equal with 14.49998pt.
 Please compile again to correct this problem. on input line 59.


Overfull \vbox (14.49998pt too high) has occurred while \output is active []



Package Fancyhdr Warning: \footskip (30.0pt) is not equal with 4.35004pt.
 Please compile again to correct this problem. on input line 59.

[60]

Package Fancyhdr Warning: \headheight (0.0pt) is not equal with 14.49998pt.
 Please compile again to correct this problem. on input line 82.


Overfull \vbox (14.49998pt too high) has occurred while \output is active []



Package Fancyhdr Warning: \footskip (30.0pt) is not equal with 4.35004pt.
 Please compile again to correct this problem. on input line 82.

[61]

Package Fancyhdr Warning: \headheight (0.0pt) is not equal with 14.49998pt.
 Please compile again to correct this problem. on input line 117.


Overfull \vbox (14.49998pt too high) has occurred while \output is active []



Package Fancyhdr Warning: \footskip (30.0pt) is not equal with 4.35004pt.
 Please compile again to correct this problem. on input line 117.

[62]

Package Fancyhdr Warning: \headheight (0.0pt) is not equal with 14.49998pt.
 Please compile again to correct this problem. on input line 129.


Overfull \vbox (14.49998pt too high) has occurred while \output is active []



Package Fancyhdr Warning: \footskip (30.0pt) is not equal with 4.35004pt.
 Please compile again to correct this problem. on input line 129.

[63]

Package Fancyhdr Warning: \headheight (0.0pt) is not equal with 14.49998pt.
 Please compile again to correct this problem. on input line 143.


Overfull \vbox (14.49998pt too high) has occurred while \output is active []



Package Fancyhdr Warning: \footskip (30.0pt) is not equal with 4.35004pt.
 Please compile again to correct this problem. on input line 143.

[64]

Package Fancyhdr Warning: \headheight (0.0pt) is not equal with 14.49998pt.
 Please compile again to correct this problem. on input line 151.


Overfull \vbox (14.49998pt too high) has occurred while \output is active []



Package Fancyhdr Warning: \footskip (30.0pt) is not equal with 4.35004pt.
 Please compile again to correct this problem. on input line 151.

[65]

Package Fancyhdr Warning: \headheight (0.0pt) is not equal with 14.49998pt.
 Please compile again to correct this problem. on input line 181.


Overfull \vbox (14.49998pt too high) has occurred while \output is active []



Package Fancyhdr Warning: \footskip (30.0pt) is not equal with 4.35004pt.
 Please compile again to correct this problem. on input line 181.

[66]

Package Fancyhdr Warning: \headheight (0.0pt) is not equal with 14.49998pt.
 Please compile again to correct this problem. on input line 213.


Overfull \vbox (14.49998pt too high) has occurred while \output is active []



Package Fancyhdr Warning: \footskip (30.0pt) is not equal with 4.35004pt.
 Please compile again to correct this problem. on input line 213.

[67]

Package Fancyhdr Warning: \headheight (0.0pt) is not equal with 14.49998pt.
 Please compile again to correct this problem. on input line 234.


Overfull \vbox (14.49998pt too high) has occurred while \output is active []



Package Fancyhdr Warning: \footskip (30.0pt) is not equal with 4.35004pt.
 Please compile again to correct this problem. on input line 234.

[68]

Package Fancyhdr Warning: \headheight (0.0pt) is not equal with 14.49998pt.
 Please compile again to correct this problem. on input line 256.


Overfull \vbox (14.49998pt too high) has occurred while \output is active []



Package Fancyhdr Warning: \footskip (30.0pt) is not equal with 4.35004pt.
 Please compile again to correct this problem. on input line 256.

[69]

Package Fancyhdr Warning: \headheight (0.0pt) is not equal with 14.49998pt.
 Please compile again to correct this problem. on input line 274.


Overfull \vbox (14.49998pt too high) has occurred while \output is active []



Package Fancyhdr Warning: \footskip (30.0pt) is not equal with 4.35004pt.
 Please compile again to correct this problem. on input line 274.

[70]
Overfull \hbox (1.16486pt too wide) in paragraph at lines 282--283
\TU/lmr/m/n/12 equation for free motion, and the second by the one-dimensional 
Schrödinger’s
 []


Package Fancyhdr Warning: \headheight (0.0pt) is not equal with 14.49998pt.
 Please compile again to correct this problem. on input line 295.


Overfull \vbox (14.49998pt too high) has occurred while \output is active []



Package Fancyhdr Warning: \footskip (30.0pt) is not equal with 4.35004pt.
 Please compile again to correct this problem. on input line 295.

[71]
Overfull \hbox (16.35822pt too wide) in paragraph at lines 312--313
[]\TU/lmr/m/n/12 For sufficiently large positive values of x, we can neglect $\
OML/cmm/m/it/12 U\OT1/cmr/m/n/12 (\OML/cmm/m/it/12 x\OT1/cmr/m/n/12 )$ \TU/lmr/
m/n/12 in Schrödinger’s
 []


Package Fancyhdr Warning: \headheight (0.0pt) is not equal with 14.49998pt.
 Please compile again to correct this problem. on input line 322.


Overfull \vbox (14.49998pt too high) has occurred while \output is active []



Package Fancyhdr Warning: \footskip (30.0pt) is not equal with 4.35004pt.
 Please compile again to correct this problem. on input line 322.

[72]
Missing character: There is no − in font cmr12!


Package Fancyhdr Warning: \headheight (0.0pt) is not equal with 14.49998pt.
 Please compile again to correct this problem. on input line 342.


Overfull \vbox (14.49998pt too high) has occurred while \output is active []



Package Fancyhdr Warning: \footskip (30.0pt) is not equal with 4.35004pt.
 Please compile again to correct this problem. on input line 342.

[73]

Package Fancyhdr Warning: \headheight (0.0pt) is not equal with 14.49998pt.
 Please compile again to correct this problem. on input line 362.


Overfull \vbox (14.49998pt too high) has occurred while \output is active []



Package Fancyhdr Warning: \footskip (30.0pt) is not equal with 4.35004pt.
 Please compile again to correct this problem. on input line 362.

[74]

Package Fancyhdr Warning: \headheight (0.0pt) is not equal with 14.49998pt.
 Please compile again to correct this problem. on input line 395.


Overfull \vbox (14.49998pt too high) has occurred while \output is active []



Package Fancyhdr Warning: \footskip (30.0pt) is not equal with 4.35004pt.
 Please compile again to correct this problem. on input line 395.

[75]

Package Fancyhdr Warning: \headheight (0.0pt) is not equal with 14.49998pt.
 Please compile again to correct this problem. on input line 425.


Overfull \vbox (14.49998pt too high) has occurred while \output is active []



Package Fancyhdr Warning: \footskip (30.0pt) is not equal with 4.35004pt.
 Please compile again to correct this problem. on input line 425.

[76]

Package Fancyhdr Warning: \headheight (0.0pt) is not equal with 14.49998pt.
 Please compile again to correct this problem. on input line 480.


Overfull \vbox (14.49998pt too high) has occurred while \output is active []



Package Fancyhdr Warning: \footskip (30.0pt) is not equal with 4.35004pt.
 Please compile again to correct this problem. on input line 480.

[77]

Package Fancyhdr Warning: \headheight (0.0pt) is not equal with 14.49998pt.
 Please compile again to correct this problem. on input line 518.


Overfull \vbox (14.49998pt too high) has occurred while \output is active []



Package Fancyhdr Warning: \footskip (30.0pt) is not equal with 4.35004pt.
 Please compile again to correct this problem. on input line 518.

[78]

Package Fancyhdr Warning: \headheight (0.0pt) is not equal with 14.49998pt.
 Please compile again to correct this problem. on input line 541.


Overfull \vbox (14.49998pt too high) has occurred while \output is active []



Package Fancyhdr Warning: \footskip (30.0pt) is not equal with 4.35004pt.
 Please compile again to correct this problem. on input line 541.

[79]
Missing character: There is no − in font cmr8!


Package Fancyhdr Warning: \headheight (0.0pt) is not equal with 14.49998pt.
 Please compile again to correct this problem. on input line 573.


Overfull \vbox (14.49998pt too high) has occurred while \output is active []



Package Fancyhdr Warning: \footskip (30.0pt) is not equal with 4.35004pt.
 Please compile again to correct this problem. on input line 573.

[80]
Missing character: There is no ħ in font cmmi12!
Missing character: There is no ω in font cmmi12!
Missing character: There is no − in font cmr12!


Package Fancyhdr Warning: \headheight (0.0pt) is not equal with 14.49998pt.
 Please compile again to correct this problem. on input line 608.


Overfull \vbox (14.49998pt too high) has occurred while \output is active []



Package Fancyhdr Warning: \footskip (30.0pt) is not equal with 4.35004pt.
 Please compile again to correct this problem. on input line 608.

[81]
Missing character: There is no ψ in font cmmi12!
Missing character: There is no − in font cmr8!


Package Fancyhdr Warning: \headheight (0.0pt) is not equal with 14.49998pt.
 Please compile again to correct this problem. on input line 637.


Overfull \vbox (14.49998pt too high) has occurred while \output is active []



Package Fancyhdr Warning: \footskip (30.0pt) is not equal with 4.35004pt.
 Please compile again to correct this problem. on input line 637.

[82]

Package Fancyhdr Warning: \headheight (0.0pt) is not equal with 14.49998pt.
 Please compile again to correct this problem. on input line 683.


Overfull \vbox (14.49998pt too high) has occurred while \output is active []



Package Fancyhdr Warning: \footskip (30.0pt) is not equal with 4.35004pt.
 Please compile again to correct this problem. on input line 683.

[83]
Missing character: There is no ω in font cmmi10!
Missing character: There is no − in font cmr8!


Package Fancyhdr Warning: \headheight (0.0pt) is not equal with 14.49998pt.
 Please compile again to correct this problem. on input line 716.


Overfull \vbox (14.49998pt too high) has occurred while \output is active []



Package Fancyhdr Warning: \footskip (30.0pt) is not equal with 4.35004pt.
 Please compile again to correct this problem. on input line 716.

[84]

Package Fancyhdr Warning: \headheight (0.0pt) is not equal with 14.49998pt.
 Please compile again to correct this problem. on input line 760.


Overfull \vbox (14.49998pt too high) has occurred while \output is active []



Package Fancyhdr Warning: \footskip (30.0pt) is not equal with 4.35004pt.
 Please compile again to correct this problem. on input line 760.

[85]

Package Fancyhdr Warning: \headheight (0.0pt) is not equal with 14.49998pt.
 Please compile again to correct this problem. on input line 800.


Overfull \vbox (14.49998pt too high) has occurred while \output is active []



Package Fancyhdr Warning: \footskip (30.0pt) is not equal with 4.35004pt.
 Please compile again to correct this problem. on input line 800.

[86]
Underfull \hbox (badness 10000) in paragraph at lines 802--813
\TU/lmr/m/n/10.95 obtaining
 []

Missing character: There is no − in font cmr10!
Missing character: There is no − in font cmr10!
Missing character: There is no ξ in font cmmi10!
Missing character: There is no − in font cmr10!
Missing character: There is no − in font cmr10!
Missing character: There is no − in font cmr10!
Missing character: There is no − in font cmr12!

Package Fancyhdr Warning: \headheight (0.0pt) is not equal with 14.49998pt.
 Please compile again to correct this problem. on input line 832.


Overfull \vbox (14.49998pt too high) has occurred while \output is active []



Package Fancyhdr Warning: \footskip (30.0pt) is not equal with 4.35004pt.
 Please compile again to correct this problem. on input line 832.

[87]

Package Fancyhdr Warning: \headheight (0.0pt) is not equal with 14.49998pt.
 Please compile again to correct this problem. on input line 864.


Overfull \vbox (14.49998pt too high) has occurred while \output is active []



Package Fancyhdr Warning: \footskip (30.0pt) is not equal with 4.35004pt.
 Please compile again to correct this problem. on input line 864.

[88]

Package Fancyhdr Warning: \headheight (0.0pt) is not equal with 14.49998pt.
 Please compile again to correct this problem. on input line 898.


Overfull \vbox (14.49998pt too high) has occurred while \output is active []



Package Fancyhdr Warning: \footskip (30.0pt) is not equal with 4.35004pt.
 Please compile again to correct this problem. on input line 898.

[89]
Missing character: There is no → in font cmr12!


Package Fancyhdr Warning: \headheight (0.0pt) is not equal with 14.49998pt.
 Please compile again to correct this problem. on input line 928.


Overfull \vbox (14.49998pt too high) has occurred while \output is active []



Package Fancyhdr Warning: \footskip (30.0pt) is not equal with 4.35004pt.
 Please compile again to correct this problem. on input line 928.

[90]
Missing character: There is no − in font cmr12!


Package Fancyhdr Warning: \headheight (0.0pt) is not equal with 14.49998pt.
 Please compile again to correct this problem. on input line 960.


Overfull \vbox (14.49998pt too high) has occurred while \output is active []



Package Fancyhdr Warning: \footskip (30.0pt) is not equal with 4.35004pt.
 Please compile again to correct this problem. on input line 960.

[91]
Missing character: There is no − in font cmr12!


Package Fancyhdr Warning: \headheight (0.0pt) is not equal with 14.49998pt.
 Please compile again to correct this problem. on input line 1007.


Overfull \vbox (14.49998pt too high) has occurred while \output is active []



Package Fancyhdr Warning: \footskip (30.0pt) is not equal with 4.35004pt.
 Please compile again to correct this problem. on input line 1007.

[92]

Package Fancyhdr Warning: \headheight (0.0pt) is not equal with 14.49998pt.
 Please compile again to correct this problem. on input line 1068.


Overfull \vbox (14.49998pt too high) has occurred while \output is active []



Package Fancyhdr Warning: \footskip (30.0pt) is not equal with 4.35004pt.
 Please compile again to correct this problem. on input line 1068.

[93]

Package Fancyhdr Warning: \headheight (0.0pt) is not equal with 14.49998pt.
 Please compile again to correct this problem. on input line 1107.


Overfull \vbox (14.49998pt too high) has occurred while \output is active []



Package Fancyhdr Warning: \footskip (30.0pt) is not equal with 4.35004pt.
 Please compile again to correct this problem. on input line 1107.

[94]
Missing character: There is no − in font cmr10!
Missing character: There is no − in font cmr10!


Package Fancyhdr Warning: \headheight (0.0pt) is not equal with 14.49998pt.
 Please compile again to correct this problem. on input line 1148.


Overfull \vbox (14.49998pt too high) has occurred while \output is active []



Package Fancyhdr Warning: \footskip (30.0pt) is not equal with 4.35004pt.
 Please compile again to correct this problem. on input line 1148.

[95])

Package Fancyhdr Warning: \headheight (0.0pt) is not equal with 14.49998pt.
 Please compile again to correct this problem. on input line 24.


Overfull \vbox (14.49998pt too high) has occurred while \output is active []



Package Fancyhdr Warning: \footskip (30.0pt) is not equal with 4.35004pt.
 Please compile again to correct this problem. on input line 24.

[96]
Package atveryend Info: Empty hook `BeforeClearDocument' on input line 31.
Package atveryend Info: Empty hook `AfterLastShipout' on input line 31.
\openout15 = `main.headfootlength'.

 (./main.aux (./src/chapter01.aux) (./src/chapter02.aux)
(./src/chapter03.aux))
Package atveryend Info: Empty hook `AtVeryEndDocument' on input line 31.
Package atveryend Info: Executing hook `AtEndAfterFileList' on input line 31.
Package rerunfilecheck Info: File `main.out' has not changed.
(rerunfilecheck)             Checksum: E4FA083D79AF024214DC3A6ACB229F45;2276.
 ) 
Here is how much of TeX's memory you used:
 26259 strings out of 479418
 448233 string characters out of 5888105
 746246 words of memory out of 5000000
 43232 multiletter control sequences out of 15000+600000
 554662 words of font info for 128 fonts, out of 8000000 for 9000
 1348 hyphenation exceptions out of 8191
 72i,17n,70p,3269b,724s stack positions out of 5000i,500n,10000p,200000b,80000s

Output written on main.pdf (100 pages).
